# JRE version: OpenJDK Runtime Environment (17.0.11) (build 17.0.11+0--11852314)
# Java VM: OpenJDK 64-Bit Server VM (17.0.11+0--11852314, mixed mode, tiered, compressed oops, compressed class ptrs, parallel gc, windows-amd64)
GC Precious Log:
 CPUs: 16 total, 16 available
 Memory: 15720M
 Large Page Support: Disabled
 NUMA Support: Disabled
 Compressed Oops: Enabled (Zero based)
 Alignments: Space 512K, Generation 512K, Heap 2M
 Heap Min Capacity: 8M
 Heap Initial Capacity: 246M
 Heap Max Capacity: 6G
 Pre-touch: Disabled
 Parallel Workers: 13
Heap:
 PSYoungGen      total 1350144K, used 611458K [0x0000000780000000, 0x00000007e5600000, 0x0000000800000000)
  eden space 1178112K, 41% used [0x0000000780000000,0x000000079e1fdf98,0x00000007c7e80000)
  from space 172032K, 68% used [0x00000007d2f00000,0x00000007da2229c8,0x00000007dd700000)
  to   space 180736K, 0% used [0x00000007c7e80000,0x00000007c7e80000,0x00000007d2f00000)
 ParOldGen       total 622080K, used 421916K [0x0000000680000000, 0x00000006a5f80000, 0x0000000780000000)
  object space 622080K, 67% used [0x0000000680000000,0x0000000699c073d0,0x00000006a5f80000)
 Metaspace       used 263130K, committed 265920K, reserved 1114112K
  class space    used 33123K, committed 34432K, reserved 851968K
GC Heap History (20 events):
Event: 278.093 GC heap before
{Heap before GC invocations=136 (full 8):
 PSYoungGen      total 909312K, used 909280K [0x0000000780000000, 0x00000007c0100000, 0x0000000800000000)
  eden space 864768K, 100% used [0x0000000780000000,0x00000007b4c80000,0x00000007b4c80000)
  from space 44544K, 99% used [0x00000007b4c80000,0x00000007b77f8030,0x00000007b7800000)
  to   space 57344K, 0% used [0x00000007bc900000,0x00000007bc900000,0x00000007c0100000)
 ParOldGen       total 391168K, used 268431K [0x0000000680000000, 0x0000000697e00000, 0x0000000780000000)
  object space 391168K, 68% used [0x0000000680000000,0x0000000690623f00,0x0000000697e00000)
 Metaspace       used 224031K, committed 226048K, reserved 1114112K
  class space    used 28102K, committed 29056K, reserved 851968K
}
Event: 278.151 GC heap after
{Heap after GC invocations=136 (full 8):
 PSYoungGen      total 983552K, used 54634K [0x0000000780000000, 0x00000007c1700000, 0x0000000800000000)
  eden space 926208K, 0% used [0x0000000780000000,0x0000000780000000,0x00000007b8880000)
  from space 57344K, 95% used [0x00000007bc900000,0x00000007bfe5a990,0x00000007c0100000)
  to   space 66048K, 0% used [0x00000007b8880000,0x00000007b8880000,0x00000007bc900000)
 ParOldGen       total 391168K, used 283207K [0x0000000680000000, 0x0000000697e00000, 0x0000000780000000)
  object space 391168K, 72% used [0x0000000680000000,0x0000000691491f00,0x0000000697e00000)
 Metaspace       used 224031K, committed 226048K, reserved 1114112K
  class space    used 28102K, committed 29056K, reserved 851968K
}
Event: 286.276 GC heap before
{Heap before GC invocations=137 (full 8):
 PSYoungGen      total 983552K, used 980842K [0x0000000780000000, 0x00000007c1700000, 0x0000000800000000)
  eden space 926208K, 100% used [0x0000000780000000,0x00000007b8880000,0x00000007b8880000)
  from space 57344K, 95% used [0x00000007bc900000,0x00000007bfe5a990,0x00000007c0100000)
  to   space 66048K, 0% used [0x00000007b8880000,0x00000007b8880000,0x00000007bc900000)
 ParOldGen       total 391168K, used 283207K [0x0000000680000000, 0x0000000697e00000, 0x0000000780000000)
  object space 391168K, 72% used [0x0000000680000000,0x0000000691491f00,0x0000000697e00000)
 Metaspace       used 224640K, committed 226688K, reserved 1114112K
  class space    used 28158K, committed 29120K, reserved 851968K
}
Event: 286.322 GC heap after
{Heap after GC invocations=137 (full 8):
 PSYoungGen      total 992256K, used 59712K [0x0000000780000000, 0x00000007c6a80000, 0x0000000800000000)
  eden space 926208K, 0% used [0x0000000780000000,0x0000000780000000,0x00000007b8880000)
  from space 66048K, 90% used [0x00000007b8880000,0x00000007bc2d0070,0x00000007bc900000)
  to   space 74752K, 0% used [0x00000007c2180000,0x00000007c2180000,0x00000007c6a80000)
 ParOldGen       total 391168K, used 283215K [0x0000000680000000, 0x0000000697e00000, 0x0000000780000000)
  object space 391168K, 72% used [0x0000000680000000,0x0000000691493f00,0x0000000697e00000)
 Metaspace       used 224640K, committed 226688K, reserved 1114112K
  class space    used 28158K, committed 29120K, reserved 851968K
}
Event: 293.575 GC heap before
{Heap before GC invocations=138 (full 8):
 PSYoungGen      total 992256K, used 985920K [0x0000000780000000, 0x00000007c6a80000, 0x0000000800000000)
  eden space 926208K, 100% used [0x0000000780000000,0x00000007b8880000,0x00000007b8880000)
  from space 66048K, 90% used [0x00000007b8880000,0x00000007bc2d0070,0x00000007bc900000)
  to   space 74752K, 0% used [0x00000007c2180000,0x00000007c2180000,0x00000007c6a80000)
 ParOldGen       total 391168K, used 283215K [0x0000000680000000, 0x0000000697e00000, 0x0000000780000000)
  object space 391168K, 72% used [0x0000000680000000,0x0000000691493f00,0x0000000697e00000)
 Metaspace       used 225014K, committed 227136K, reserved 1114112K
  class space    used 28194K, committed 29184K, reserved 851968K
}
Event: 293.638 GC heap after
{Heap after GC invocations=138 (full 8):
 PSYoungGen      total 1069056K, used 74736K [0x0000000780000000, 0x00000007c8c00000, 0x0000000800000000)
  eden space 994304K, 0% used [0x0000000780000000,0x0000000780000000,0x00000007bcb00000)
  from space 74752K, 99% used [0x00000007c2180000,0x00000007c6a7c090,0x00000007c6a80000)
  to   space 88576K, 0% used [0x00000007bcb00000,0x00000007bcb00000,0x00000007c2180000)
 ParOldGen       total 391168K, used 285841K [0x0000000680000000, 0x0000000697e00000, 0x0000000780000000)
  object space 391168K, 73% used [0x0000000680000000,0x0000000691724498,0x0000000697e00000)
 Metaspace       used 225014K, committed 227136K, reserved 1114112K
  class space    used 28194K, committed 29184K, reserved 851968K
}
Event: 303.853 GC heap before
{Heap before GC invocations=139 (full 8):
 PSYoungGen      total 1069056K, used 1069040K [0x0000000780000000, 0x00000007c8c00000, 0x0000000800000000)
  eden space 994304K, 100% used [0x0000000780000000,0x00000007bcb00000,0x00000007bcb00000)
  from space 74752K, 99% used [0x00000007c2180000,0x00000007c6a7c090,0x00000007c6a80000)
  to   space 88576K, 0% used [0x00000007bcb00000,0x00000007bcb00000,0x00000007c2180000)
 ParOldGen       total 391168K, used 285841K [0x0000000680000000, 0x0000000697e00000, 0x0000000780000000)
  object space 391168K, 73% used [0x0000000680000000,0x0000000691724498,0x0000000697e00000)
 Metaspace       used 225308K, committed 227520K, reserved 1114112K
  class space    used 28215K, committed 29248K, reserved 851968K
}
Event: 303.918 GC heap after
{Heap after GC invocations=139 (full 8):
 PSYoungGen      total 1082880K, used 76949K [0x0000000780000000, 0x00000007cea80000, 0x0000000800000000)
  eden space 994304K, 0% used [0x0000000780000000,0x0000000780000000,0x00000007bcb00000)
  from space 88576K, 86% used [0x00000007bcb00000,0x00000007c1625648,0x00000007c2180000)
  to   space 99328K, 0% used [0x00000007c8980000,0x00000007c8980000,0x00000007cea80000)
 ParOldGen       total 391168K, used 312684K [0x0000000680000000, 0x0000000697e00000, 0x0000000780000000)
  object space 391168K, 79% used [0x0000000680000000,0x000000069315b090,0x0000000697e00000)
 Metaspace       used 225308K, committed 227520K, reserved 1114112K
  class space    used 28215K, committed 29248K, reserved 851968K
}
Event: 310.453 GC heap before
{Heap before GC invocations=140 (full 8):
 PSYoungGen      total 1082880K, used 1071253K [0x0000000780000000, 0x00000007cea80000, 0x0000000800000000)
  eden space 994304K, 100% used [0x0000000780000000,0x00000007bcb00000,0x00000007bcb00000)
  from space 88576K, 86% used [0x00000007bcb00000,0x00000007c1625648,0x00000007c2180000)
  to   space 99328K, 0% used [0x00000007c8980000,0x00000007c8980000,0x00000007cea80000)
 ParOldGen       total 391168K, used 312684K [0x0000000680000000, 0x0000000697e00000, 0x0000000780000000)
  object space 391168K, 79% used [0x0000000680000000,0x000000069315b090,0x0000000697e00000)
 Metaspace       used 225725K, committed 227904K, reserved 1114112K
  class space    used 28254K, committed 29248K, reserved 851968K
}
Event: 310.524 GC heap after
{Heap after GC invocations=140 (full 8):
 PSYoungGen      total 1183744K, used 69328K [0x0000000780000000, 0x00000007cfd80000, 0x0000000800000000)
  eden space 1084416K, 0% used [0x0000000780000000,0x0000000780000000,0x00000007c2300000)
  from space 99328K, 69% used [0x00000007c8980000,0x00000007ccd34040,0x00000007cea80000)
  to   space 104960K, 0% used [0x00000007c2300000,0x00000007c2300000,0x00000007c8980000)
 ParOldGen       total 391168K, used 329786K [0x0000000680000000, 0x0000000697e00000, 0x0000000780000000)
  object space 391168K, 84% used [0x0000000680000000,0x000000069420eaf8,0x0000000697e00000)
 Metaspace       used 225725K, committed 227904K, reserved 1114112K
  class space    used 28254K, committed 29248K, reserved 851968K
}
Event: 332.000 GC heap before
{Heap before GC invocations=141 (full 8):
 PSYoungGen      total 1183744K, used 1153744K [0x0000000780000000, 0x00000007cfd80000, 0x0000000800000000)
  eden space 1084416K, 100% used [0x0000000780000000,0x00000007c2300000,0x00000007c2300000)
  from space 99328K, 69% used [0x00000007c8980000,0x00000007ccd34040,0x00000007cea80000)
  to   space 104960K, 0% used [0x00000007c2300000,0x00000007c2300000,0x00000007c8980000)
 ParOldGen       total 391168K, used 329786K [0x0000000680000000, 0x0000000697e00000, 0x0000000780000000)
  object space 391168K, 84% used [0x0000000680000000,0x000000069420eaf8,0x0000000697e00000)
 Metaspace       used 239154K, committed 241536K, reserved 1114112K
  class space    used 30110K, committed 31232K, reserved 851968K
}
Event: 332.164 GC heap after
{Heap after GC invocations=141 (full 8):
 PSYoungGen      total 1189376K, used 104956K [0x0000000780000000, 0x00000007dc200000, 0x0000000800000000)
  eden space 1084416K, 0% used [0x0000000780000000,0x0000000780000000,0x00000007c2300000)
  from space 104960K, 99% used [0x00000007c2300000,0x00000007c897f288,0x00000007c8980000)
  to   space 155648K, 0% used [0x00000007d2a00000,0x00000007d2a00000,0x00000007dc200000)
 ParOldGen       total 419840K, used 419412K [0x0000000680000000, 0x0000000699a00000, 0x0000000780000000)
  object space 419840K, 99% used [0x0000000680000000,0x00000006999952d0,0x0000000699a00000)
 Metaspace       used 239154K, committed 241536K, reserved 1114112K
  class space    used 30110K, committed 31232K, reserved 851968K
}
Event: 332.164 GC heap before
{Heap before GC invocations=142 (full 9):
 PSYoungGen      total 1189376K, used 104956K [0x0000000780000000, 0x00000007dc200000, 0x0000000800000000)
  eden space 1084416K, 0% used [0x0000000780000000,0x0000000780000000,0x00000007c2300000)
  from space 104960K, 99% used [0x00000007c2300000,0x00000007c897f288,0x00000007c8980000)
  to   space 155648K, 0% used [0x00000007d2a00000,0x00000007d2a00000,0x00000007dc200000)
 ParOldGen       total 419840K, used 419412K [0x0000000680000000, 0x0000000699a00000, 0x0000000780000000)
  object space 419840K, 99% used [0x0000000680000000,0x00000006999952d0,0x0000000699a00000)
 Metaspace       used 239154K, committed 241536K, reserved 1114112K
  class space    used 30110K, committed 31232K, reserved 851968K
}
Event: 332.964 GC heap after
{Heap after GC invocations=142 (full 9):
 PSYoungGen      total 1189376K, used 35285K [0x0000000780000000, 0x00000007dc100000, 0x0000000800000000)
  eden space 1084416K, 0% used [0x0000000780000000,0x0000000780000000,0x00000007c2300000)
  from space 104960K, 33% used [0x00000007c2300000,0x00000007c4575698,0x00000007c8980000)
  to   space 155648K, 0% used [0x00000007d2900000,0x00000007d2900000,0x00000007dc100000)
 ParOldGen       total 622080K, used 419624K [0x0000000680000000, 0x00000006a5f80000, 0x0000000780000000)
  object space 622080K, 67% used [0x0000000680000000,0x00000006999ca308,0x00000006a5f80000)
 Metaspace       used 239154K, committed 241536K, reserved 1114112K
  class space    used 30110K, committed 31232K, reserved 851968K
}
Event: 397.352 GC heap before
{Heap before GC invocations=143 (full 9):
 PSYoungGen      total 1189376K, used 1119701K [0x0000000780000000, 0x00000007dc100000, 0x0000000800000000)
  eden space 1084416K, 100% used [0x0000000780000000,0x00000007c2300000,0x00000007c2300000)
  from space 104960K, 33% used [0x00000007c2300000,0x00000007c4575698,0x00000007c8980000)
  to   space 155648K, 0% used [0x00000007d2900000,0x00000007d2900000,0x00000007dc100000)
 ParOldGen       total 622080K, used 419624K [0x0000000680000000, 0x00000006a5f80000, 0x0000000780000000)
  object space 622080K, 67% used [0x0000000680000000,0x00000006999ca308,0x00000006a5f80000)
 Metaspace       used 246118K, committed 248704K, reserved 1114112K
  class space    used 30915K, committed 32128K, reserved 851968K
}
Event: 397.510 GC heap after
{Heap after GC invocations=143 (full 9):
 PSYoungGen      total 1342464K, used 96377K [0x0000000780000000, 0x00000007dc100000, 0x0000000800000000)
  eden space 1186816K, 0% used [0x0000000780000000,0x0000000780000000,0x00000007c8700000)
  from space 155648K, 61% used [0x00000007d2900000,0x00000007d871e710,0x00000007dc100000)
  to   space 160768K, 0% used [0x00000007c8700000,0x00000007c8700000,0x00000007d2400000)
 ParOldGen       total 622080K, used 421896K [0x0000000680000000, 0x00000006a5f80000, 0x0000000780000000)
  object space 622080K, 67% used [0x0000000680000000,0x0000000699c02308,0x00000006a5f80000)
 Metaspace       used 246118K, committed 248704K, reserved 1114112K
  class space    used 30915K, committed 32128K, reserved 851968K
}
Event: 468.875 GC heap before
{Heap before GC invocations=144 (full 9):
 PSYoungGen      total 1342464K, used 1283193K [0x0000000780000000, 0x00000007dc100000, 0x0000000800000000)
  eden space 1186816K, 100% used [0x0000000780000000,0x00000007c8700000,0x00000007c8700000)
  from space 155648K, 61% used [0x00000007d2900000,0x00000007d871e710,0x00000007dc100000)
  to   space 160768K, 0% used [0x00000007c8700000,0x00000007c8700000,0x00000007d2400000)
 ParOldGen       total 622080K, used 421896K [0x0000000680000000, 0x00000006a5f80000, 0x0000000780000000)
  object space 622080K, 67% used [0x0000000680000000,0x0000000699c02340,0x00000006a5f80000)
 Metaspace       used 252335K, committed 254912K, reserved 1114112K
  class space    used 31785K, committed 33024K, reserved 851968K
}
Event: 468.949 GC heap after
{Heap after GC invocations=144 (full 9):
 PSYoungGen      total 1347584K, used 117128K [0x0000000780000000, 0x00000007dd700000, 0x0000000800000000)
  eden space 1186816K, 0% used [0x0000000780000000,0x0000000780000000,0x00000007c8700000)
  from space 160768K, 72% used [0x00000007c8700000,0x00000007cf9620d8,0x00000007d2400000)
  to   space 172032K, 0% used [0x00000007d2f00000,0x00000007d2f00000,0x00000007dd700000)
 ParOldGen       total 622080K, used 421904K [0x0000000680000000, 0x00000006a5f80000, 0x0000000780000000)
  object space 622080K, 67% used [0x0000000680000000,0x0000000699c04340,0x00000006a5f80000)
 Metaspace       used 252335K, committed 254912K, reserved 1114112K
  class space    used 31785K, committed 33024K, reserved 851968K
}
Event: 474.943 GC heap before
{Heap before GC invocations=145 (full 9):
 PSYoungGen      total 1347584K, used 1303944K [0x0000000780000000, 0x00000007dd700000, 0x0000000800000000)
  eden space 1186816K, 100% used [0x0000000780000000,0x00000007c8700000,0x00000007c8700000)
  from space 160768K, 72% used [0x00000007c8700000,0x00000007cf9620d8,0x00000007d2400000)
  to   space 172032K, 0% used [0x00000007d2f00000,0x00000007d2f00000,0x00000007dd700000)
 ParOldGen       total 622080K, used 421908K [0x0000000680000000, 0x00000006a5f80000, 0x0000000780000000)
  object space 622080K, 67% used [0x0000000680000000,0x0000000699c053d0,0x00000006a5f80000)
 Metaspace       used 259917K, committed 262464K, reserved 1114112K
  class space    used 32833K, committed 34048K, reserved 851968K
}
Event: 475.005 GC heap after
{Heap after GC invocations=145 (full 9):
 PSYoungGen      total 1350144K, used 117898K [0x0000000780000000, 0x00000007e5600000, 0x0000000800000000)
  eden space 1178112K, 0% used [0x0000000780000000,0x0000000780000000,0x00000007c7e80000)
  from space 172032K, 68% used [0x00000007d2f00000,0x00000007da2229c8,0x00000007dd700000)
  to   space 180736K, 0% used [0x00000007c7e80000,0x00000007c7e80000,0x00000007d2f00000)
 ParOldGen       total 622080K, used 421916K [0x0000000680000000, 0x00000006a5f80000, 0x0000000780000000)
  object space 622080K, 67% used [0x0000000680000000,0x0000000699c073d0,0x00000006a5f80000)
 Metaspace       used 259917K, committed 262464K, reserved 1114112K
  class space    used 32833K, committed 34048K, reserved 851968K
}

