# JRE version: Java(TM) SE Runtime Environment (21.0.2+13) (build 21.0.2+13-LTS-58)
# Java VM: Java HotSpot(TM) 64-Bit Server VM (21.0.2+13-LTS-58, mixed mode, sharing, tiered, compressed oops, compressed class ptrs, parallel gc, windows-amd64)
GC Precious Log:
 CardTable entry size: 512
 CPUs: 16 total, 16 available
 Memory: 15720M
 Large Page Support: Disabled
 NUMA Support: Disabled
 Compressed Oops: Enabled (Zero based)
 Alignments: Space 512K, Generation 512K, Heap 2M
 Heap Min Capacity: 8M
 Heap Initial Capacity: 246M
 Heap Max Capacity: 6G
 Pre-touch: Disabled
 Parallel Workers: 13
Heap:
 PSYoungGen      total 704000K, used 431583K [0x0000000780000000, 0x00000007b4380000, 0x0000000800000000)
  eden space 644608K, 66% used [0x0000000780000000,0x000000079a577c70,0x00000007a7580000)
  from space 59392K, 0% used [0x00000007a7580000,0x00000007a7580000,0x00000007aaf80000)
  to   space 105472K, 0% used [0x00000007adc80000,0x00000007adc80000,0x00000007b4380000)
 ParOldGen       total 887296K, used 646416K [0x0000000680000000, 0x00000006b6280000, 0x0000000780000000)
  object space 887296K, 72% used [0x0000000680000000,0x00000006a7744268,0x00000006b6280000)
 Metaspace       used 343649K, committed 349824K, reserved 1179648K
  class space    used 42689K, committed 45824K, reserved 851968K
GC Heap History (20 events):
Event: 1058.342 GC heap before
{Heap before GC invocations=174 (full 20):
 PSYoungGen      total 739328K, used 613328K [0x0000000780000000, 0x00000007b7300000, 0x0000000800000000)
  eden space 581120K, 100% used [0x0000000780000000,0x00000007a3780000,0x00000007a3780000)
  from space 158208K, 20% used [0x00000007a3780000,0x00000007a56f40b8,0x00000007ad200000)
  to   space 151040K, 0% used [0x00000007adf80000,0x00000007adf80000,0x00000007b7300000)
 ParOldGen       total 887296K, used 591190K [0x0000000680000000, 0x00000006b6280000, 0x0000000780000000)
  object space 887296K, 66% used [0x0000000680000000,0x00000006a4155b98,0x00000006b6280000)
 Metaspace       used 331714K, committed 337856K, reserved 1179648K
  class space    used 41260K, committed 44416K, reserved 851968K
}
Event: 1058.356 GC heap after
{Heap after GC invocations=174 (full 20):
 PSYoungGen      total 735744K, used 29470K [0x0000000780000000, 0x00000007b6400000, 0x0000000800000000)
  eden space 600064K, 0% used [0x0000000780000000,0x0000000780000000,0x00000007a4a00000)
  from space 135680K, 21% used [0x00000007adf80000,0x00000007afc478d0,0x00000007b6400000)
  to   space 144384K, 0% used [0x00000007a4a00000,0x00000007a4a00000,0x00000007ad700000)
 ParOldGen       total 887296K, used 591198K [0x0000000680000000, 0x00000006b6280000, 0x0000000780000000)
  object space 887296K, 66% used [0x0000000680000000,0x00000006a4157b98,0x00000006b6280000)
 Metaspace       used 331714K, committed 337856K, reserved 1179648K
  class space    used 41260K, committed 44416K, reserved 851968K
}
Event: 1060.984 GC heap before
{Heap before GC invocations=175 (full 20):
 PSYoungGen      total 735744K, used 629534K [0x0000000780000000, 0x00000007b6400000, 0x0000000800000000)
  eden space 600064K, 100% used [0x0000000780000000,0x00000007a4a00000,0x00000007a4a00000)
  from space 135680K, 21% used [0x00000007adf80000,0x00000007afc478d0,0x00000007b6400000)
  to   space 144384K, 0% used [0x00000007a4a00000,0x00000007a4a00000,0x00000007ad700000)
 ParOldGen       total 887296K, used 591198K [0x0000000680000000, 0x00000006b6280000, 0x0000000780000000)
  object space 887296K, 66% used [0x0000000680000000,0x00000006a4157b98,0x00000006b6280000)
 Metaspace       used 335327K, committed 341504K, reserved 1179648K
  class space    used 41780K, committed 44928K, reserved 851968K
}
Event: 1061.005 GC heap after
{Heap after GC invocations=175 (full 20):
 PSYoungGen      total 744448K, used 35588K [0x0000000780000000, 0x00000007b6780000, 0x0000000800000000)
  eden space 600064K, 0% used [0x0000000780000000,0x0000000780000000,0x00000007a4a00000)
  from space 144384K, 24% used [0x00000007a4a00000,0x00000007a6cc1230,0x00000007ad700000)
  to   space 137216K, 0% used [0x00000007ae180000,0x00000007ae180000,0x00000007b6780000)
 ParOldGen       total 887296K, used 591206K [0x0000000680000000, 0x00000006b6280000, 0x0000000780000000)
  object space 887296K, 66% used [0x0000000680000000,0x00000006a4159b98,0x00000006b6280000)
 Metaspace       used 335327K, committed 341504K, reserved 1179648K
  class space    used 41780K, committed 44928K, reserved 851968K
}
Event: 1064.891 GC heap before
{Heap before GC invocations=176 (full 20):
 PSYoungGen      total 744448K, used 543155K [0x0000000780000000, 0x00000007b6780000, 0x0000000800000000)
  eden space 600064K, 84% used [0x0000000780000000,0x000000079efabd10,0x00000007a4a00000)
  from space 144384K, 24% used [0x00000007a4a00000,0x00000007a6cc1230,0x00000007ad700000)
  to   space 137216K, 0% used [0x00000007ae180000,0x00000007ae180000,0x00000007b6780000)
 ParOldGen       total 887296K, used 591206K [0x0000000680000000, 0x00000006b6280000, 0x0000000780000000)
  object space 887296K, 66% used [0x0000000680000000,0x00000006a4159b98,0x00000006b6280000)
 Metaspace       used 339478K, committed 345728K, reserved 1179648K
  class space    used 42264K, committed 45440K, reserved 851968K
}
Event: 1064.914 GC heap after
{Heap after GC invocations=176 (full 20):
 PSYoungGen      total 737792K, used 44347K [0x0000000780000000, 0x00000007b5680000, 0x0000000800000000)
  eden space 617984K, 0% used [0x0000000780000000,0x0000000780000000,0x00000007a5b80000)
  from space 119808K, 37% used [0x00000007ae180000,0x00000007b0ccef38,0x00000007b5680000)
  to   space 128512K, 0% used [0x00000007a5b80000,0x00000007a5b80000,0x00000007ad900000)
 ParOldGen       total 887296K, used 591214K [0x0000000680000000, 0x00000006b6280000, 0x0000000780000000)
  object space 887296K, 66% used [0x0000000680000000,0x00000006a415bb98,0x00000006b6280000)
 Metaspace       used 339478K, committed 345728K, reserved 1179648K
  class space    used 42264K, committed 45440K, reserved 851968K
}
Event: 1064.914 GC heap before
{Heap before GC invocations=177 (full 21):
 PSYoungGen      total 737792K, used 44347K [0x0000000780000000, 0x00000007b5680000, 0x0000000800000000)
  eden space 617984K, 0% used [0x0000000780000000,0x0000000780000000,0x00000007a5b80000)
  from space 119808K, 37% used [0x00000007ae180000,0x00000007b0ccef38,0x00000007b5680000)
  to   space 128512K, 0% used [0x00000007a5b80000,0x00000007a5b80000,0x00000007ad900000)
 ParOldGen       total 887296K, used 591214K [0x0000000680000000, 0x00000006b6280000, 0x0000000780000000)
  object space 887296K, 66% used [0x0000000680000000,0x00000006a415bb98,0x00000006b6280000)
 Metaspace       used 339478K, committed 345728K, reserved 1179648K
  class space    used 42264K, committed 45440K, reserved 851968K
}
Event: 1065.670 GC heap after
{Heap after GC invocations=177 (full 21):
 PSYoungGen      total 737792K, used 0K [0x0000000780000000, 0x00000007b5680000, 0x0000000800000000)
  eden space 617984K, 0% used [0x0000000780000000,0x0000000780000000,0x00000007a5b80000)
  from space 119808K, 0% used [0x00000007ae180000,0x00000007ae180000,0x00000007b5680000)
  to   space 128512K, 0% used [0x00000007a5b80000,0x00000007a5b80000,0x00000007ad900000)
 ParOldGen       total 887296K, used 603169K [0x0000000680000000, 0x00000006b6280000, 0x0000000780000000)
  object space 887296K, 67% used [0x0000000680000000,0x00000006a4d084b0,0x00000006b6280000)
 Metaspace       used 339476K, committed 345728K, reserved 1179648K
  class space    used 42263K, committed 45440K, reserved 851968K
}
Event: 1069.381 GC heap before
{Heap before GC invocations=178 (full 21):
 PSYoungGen      total 737792K, used 617984K [0x0000000780000000, 0x00000007b5680000, 0x0000000800000000)
  eden space 617984K, 100% used [0x0000000780000000,0x00000007a5b80000,0x00000007a5b80000)
  from space 119808K, 0% used [0x00000007ae180000,0x00000007ae180000,0x00000007b5680000)
  to   space 128512K, 0% used [0x00000007a5b80000,0x00000007a5b80000,0x00000007ad900000)
 ParOldGen       total 887296K, used 603169K [0x0000000680000000, 0x00000006b6280000, 0x0000000780000000)
  object space 887296K, 67% used [0x0000000680000000,0x00000006a4d084b0,0x00000006b6280000)
 Metaspace       used 342272K, committed 348480K, reserved 1179648K
  class space    used 42619K, committed 45760K, reserved 851968K
}
Event: 1069.398 GC heap after
{Heap after GC invocations=178 (full 21):
 PSYoungGen      total 746496K, used 27746K [0x0000000780000000, 0x00000007b5b00000, 0x0000000800000000)
  eden space 617984K, 0% used [0x0000000780000000,0x0000000780000000,0x00000007a5b80000)
  from space 128512K, 21% used [0x00000007a5b80000,0x00000007a7698b38,0x00000007ad900000)
  to   space 123904K, 0% used [0x00000007ae200000,0x00000007ae200000,0x00000007b5b00000)
 ParOldGen       total 887296K, used 603177K [0x0000000680000000, 0x00000006b6280000, 0x0000000780000000)
  object space 887296K, 67% used [0x0000000680000000,0x00000006a4d0a4b0,0x00000006b6280000)
 Metaspace       used 342272K, committed 348480K, reserved 1179648K
  class space    used 42619K, committed 45760K, reserved 851968K
}
Event: 1072.735 GC heap before
{Heap before GC invocations=179 (full 21):
 PSYoungGen      total 746496K, used 645730K [0x0000000780000000, 0x00000007b5b00000, 0x0000000800000000)
  eden space 617984K, 100% used [0x0000000780000000,0x00000007a5b80000,0x00000007a5b80000)
  from space 128512K, 21% used [0x00000007a5b80000,0x00000007a7698b38,0x00000007ad900000)
  to   space 123904K, 0% used [0x00000007ae200000,0x00000007ae200000,0x00000007b5b00000)
 ParOldGen       total 887296K, used 603177K [0x0000000680000000, 0x00000006b6280000, 0x0000000780000000)
  object space 887296K, 67% used [0x0000000680000000,0x00000006a4d0a4b0,0x00000006b6280000)
 Metaspace       used 342994K, committed 349184K, reserved 1179648K
  class space    used 42655K, committed 45824K, reserved 851968K
}
Event: 1072.756 GC heap after
{Heap after GC invocations=179 (full 21):
 PSYoungGen      total 741376K, used 34557K [0x0000000780000000, 0x00000007b4e00000, 0x0000000800000000)
  eden space 630784K, 0% used [0x0000000780000000,0x0000000780000000,0x00000007a6800000)
  from space 110592K, 31% used [0x00000007ae200000,0x00000007b03bf680,0x00000007b4e00000)
  to   space 117760K, 0% used [0x00000007a6800000,0x00000007a6800000,0x00000007adb00000)
 ParOldGen       total 887296K, used 603185K [0x0000000680000000, 0x00000006b6280000, 0x0000000780000000)
  object space 887296K, 67% used [0x0000000680000000,0x00000006a4d0c4b0,0x00000006b6280000)
 Metaspace       used 342994K, committed 349184K, reserved 1179648K
  class space    used 42655K, committed 45824K, reserved 851968K
}
Event: 1075.121 GC heap before
{Heap before GC invocations=180 (full 21):
 PSYoungGen      total 741376K, used 665341K [0x0000000780000000, 0x00000007b4e00000, 0x0000000800000000)
  eden space 630784K, 100% used [0x0000000780000000,0x00000007a6800000,0x00000007a6800000)
  from space 110592K, 31% used [0x00000007ae200000,0x00000007b03bf680,0x00000007b4e00000)
  to   space 117760K, 0% used [0x00000007a6800000,0x00000007a6800000,0x00000007adb00000)
 ParOldGen       total 887296K, used 603185K [0x0000000680000000, 0x00000006b6280000, 0x0000000780000000)
  object space 887296K, 67% used [0x0000000680000000,0x00000006a4d0c4b0,0x00000006b6280000)
 Metaspace       used 343095K, committed 349312K, reserved 1179648K
  class space    used 42659K, committed 45824K, reserved 851968K
}
Event: 1075.139 GC heap after
{Heap after GC invocations=180 (full 21):
 PSYoungGen      total 748544K, used 34891K [0x0000000780000000, 0x00000007b4f80000, 0x0000000800000000)
  eden space 630784K, 0% used [0x0000000780000000,0x0000000780000000,0x00000007a6800000)
  from space 117760K, 29% used [0x00000007a6800000,0x00000007a8a12fd8,0x00000007adb00000)
  to   space 112128K, 0% used [0x00000007ae200000,0x00000007ae200000,0x00000007b4f80000)
 ParOldGen       total 887296K, used 603193K [0x0000000680000000, 0x00000006b6280000, 0x0000000780000000)
  object space 887296K, 67% used [0x0000000680000000,0x00000006a4d0e4b0,0x00000006b6280000)
 Metaspace       used 343095K, committed 349312K, reserved 1179648K
  class space    used 42659K, committed 45824K, reserved 851968K
}
Event: 1077.456 GC heap before
{Heap before GC invocations=181 (full 21):
 PSYoungGen      total 748544K, used 665675K [0x0000000780000000, 0x00000007b4f80000, 0x0000000800000000)
  eden space 630784K, 100% used [0x0000000780000000,0x00000007a6800000,0x00000007a6800000)
  from space 117760K, 29% used [0x00000007a6800000,0x00000007a8a12fd8,0x00000007adb00000)
  to   space 112128K, 0% used [0x00000007ae200000,0x00000007ae200000,0x00000007b4f80000)
 ParOldGen       total 887296K, used 603193K [0x0000000680000000, 0x00000006b6280000, 0x0000000780000000)
  object space 887296K, 67% used [0x0000000680000000,0x00000006a4d0e4b0,0x00000006b6280000)
 Metaspace       used 343382K, committed 349568K, reserved 1179648K
  class space    used 42662K, committed 45824K, reserved 851968K
}
Event: 1077.481 GC heap after
{Heap after GC invocations=181 (full 21):
 PSYoungGen      total 745472K, used 45794K [0x0000000780000000, 0x00000007b4480000, 0x0000000800000000)
  eden space 644608K, 0% used [0x0000000780000000,0x0000000780000000,0x00000007a7580000)
  from space 100864K, 45% used [0x00000007ae200000,0x00000007b0eb88c8,0x00000007b4480000)
  to   space 105984K, 0% used [0x00000007a7580000,0x00000007a7580000,0x00000007add00000)
 ParOldGen       total 887296K, used 603201K [0x0000000680000000, 0x00000006b6280000, 0x0000000780000000)
  object space 887296K, 67% used [0x0000000680000000,0x00000006a4d104b0,0x00000006b6280000)
 Metaspace       used 343382K, committed 349568K, reserved 1179648K
  class space    used 42662K, committed 45824K, reserved 851968K
}
Event: 1079.264 GC heap before
{Heap before GC invocations=182 (full 21):
 PSYoungGen      total 745472K, used 566123K [0x0000000780000000, 0x00000007b4480000, 0x0000000800000000)
  eden space 644608K, 80% used [0x0000000780000000,0x000000079fc22628,0x00000007a7580000)
  from space 100864K, 45% used [0x00000007ae200000,0x00000007b0eb88c8,0x00000007b4480000)
  to   space 105984K, 0% used [0x00000007a7580000,0x00000007a7580000,0x00000007add00000)
 ParOldGen       total 887296K, used 603201K [0x0000000680000000, 0x00000006b6280000, 0x0000000780000000)
  object space 887296K, 67% used [0x0000000680000000,0x00000006a4d104b0,0x00000006b6280000)
 Metaspace       used 343440K, committed 349632K, reserved 1179648K
  class space    used 42672K, committed 45824K, reserved 851968K
}
Event: 1079.314 GC heap after
{Heap after GC invocations=182 (full 21):
 PSYoungGen      total 704000K, used 58883K [0x0000000780000000, 0x00000007b4380000, 0x0000000800000000)
  eden space 644608K, 0% used [0x0000000780000000,0x0000000780000000,0x00000007a7580000)
  from space 59392K, 99% used [0x00000007a7580000,0x00000007aaf00ee8,0x00000007aaf80000)
  to   space 105472K, 0% used [0x00000007adc80000,0x00000007adc80000,0x00000007b4380000)
 ParOldGen       total 887296K, used 603209K [0x0000000680000000, 0x00000006b6280000, 0x0000000780000000)
  object space 887296K, 67% used [0x0000000680000000,0x00000006a4d124b0,0x00000006b6280000)
 Metaspace       used 343440K, committed 349632K, reserved 1179648K
  class space    used 42672K, committed 45824K, reserved 851968K
}
Event: 1079.314 GC heap before
{Heap before GC invocations=183 (full 22):
 PSYoungGen      total 704000K, used 58883K [0x0000000780000000, 0x00000007b4380000, 0x0000000800000000)
  eden space 644608K, 0% used [0x0000000780000000,0x0000000780000000,0x00000007a7580000)
  from space 59392K, 99% used [0x00000007a7580000,0x00000007aaf00ee8,0x00000007aaf80000)
  to   space 105472K, 0% used [0x00000007adc80000,0x00000007adc80000,0x00000007b4380000)
 ParOldGen       total 887296K, used 603209K [0x0000000680000000, 0x00000006b6280000, 0x0000000780000000)
  object space 887296K, 67% used [0x0000000680000000,0x00000006a4d124b0,0x00000006b6280000)
 Metaspace       used 343440K, committed 349632K, reserved 1179648K
  class space    used 42672K, committed 45824K, reserved 851968K
}
Event: 1079.915 GC heap after
{Heap after GC invocations=183 (full 22):
 PSYoungGen      total 704000K, used 0K [0x0000000780000000, 0x00000007b4380000, 0x0000000800000000)
  eden space 644608K, 0% used [0x0000000780000000,0x0000000780000000,0x00000007a7580000)
  from space 59392K, 0% used [0x00000007a7580000,0x00000007a7580000,0x00000007aaf80000)
  to   space 105472K, 0% used [0x00000007adc80000,0x00000007adc80000,0x00000007b4380000)
 ParOldGen       total 887296K, used 646416K [0x0000000680000000, 0x00000006b6280000, 0x0000000780000000)
  object space 887296K, 72% used [0x0000000680000000,0x00000006a7744268,0x00000006b6280000)
 Metaspace       used 343440K, committed 349632K, reserved 1179648K
  class space    used 42672K, committed 45824K, reserved 851968K
}

